-------------------------------------------------------------------------------
Test set: tests.PostTests
-------------------------------------------------------------------------------
Tests run: 4, Failures: 1, Errors: 0, Skipped: 0, Time elapsed: 2.647 s <<< FAILURE! - in tests.PostTests
tests.PostTests.testCreatePostInvalidData  Time elapsed: 0.562 s  <<< FAILURE!
java.lang.AssertionError: 
1 expectation failed.
Expected status code <400> but was <201>.

	at tests.PostTests.lambda$testCreatePostInvalidData$2(PostTests.java:71)
	at tests.PostTests.testCreatePostInvalidData(PostTests.java:64)

