<?xml version="1.0" encoding="UTF-8"?>
<testsuite xmlns:xsi="http://www.w3.org/2001/XMLSchema-instance" xsi:noNamespaceSchemaLocation="https://maven.apache.org/surefire/maven-surefire-plugin/xsd/surefire-test-report-3.0.xsd" version="3.0" name="tests.PostTests" time="2.647" tests="4" errors="0" skipped="0" failures="1">
  <properties>
[...]
</properties>
  <testcase name="testGetPostById" classname="tests.PostTests" time="1.156"/>
  <testcase name="testGetNonExistentPost" classname="tests.PostTests" time="0.436"/>
  <testcase name="testCreatePostInvalidData" classname="tests.PostTests" time="0.562">
    <failure type="java.lang.AssertionError"><![CDATA[java.lang.AssertionError: 
1 expectation failed.
Expected status code <400> but was <201>.

	at tests.PostTests.lambda$testCreatePostInvalidData$2(PostTests.java:71)
	at tests.PostTests.testCreatePostInvalidData(PostTests.java:64)
]]></failure>
  </testcase>
  <testcase name="testCreatePost" classname="tests.PostTests" time="0.467"/>
</testsuite>